<?xml version="1.0" encoding="UTF-8"?>
<!-- Generated by org.testng.reporters.JUnitXMLReporter -->
<testsuite hostname="KrithvikRamdutya" ignored="10" name="Test" tests="6" failures="0" timestamp="2024-01-09T19:33:35 IST" time="7.363" errors="0">
  <testcase name="createIncident" time="2.857" classname="com.framework.jira.tests.rest.TC001_Jira_CreateTicket"/>
  <testcase name="updateJira" time="0.89" classname="com.framework.jira.tests.rest.TC002_Jira_UpdateTicket"/>
  <testcase name="AddAssignee" time="0.697" classname="com.framework.jira.tests.rest.TC003_Jira_UpdateAssignee"/>
  <testcase name="AddComments" time="0.664" classname="com.framework.jira.tests.rest.TC004_Jira_AddComments"/>
  <testcase name="ChangeJiraStatus" time="0.842" classname="com.framework.jira.tests.rest.TC005_Jira_ChangeStatus"/>
  <testcase name="deleteJira" time="0.902" classname="com.framework.jira.tests.rest.TC006_Jira_DeleteTicket"/>
  <testcase name="@BeforeSuite startReport" time="0.0" classname="com.framework.utils.Reporter">
    <ignored/>
  </testcase> <!-- @BeforeSuite startReport -->
  <testcase name="@BeforeSuite startReport" time="0.0" classname="com.framework.utils.Reporter">
    <ignored/>
  </testcase> <!-- @BeforeSuite startReport -->
  <testcase name="@BeforeSuite startReport" time="0.0" classname="com.framework.utils.Reporter">
    <ignored/>
  </testcase> <!-- @BeforeSuite startReport -->
  <testcase name="@BeforeSuite startReport" time="0.0" classname="com.framework.utils.Reporter">
    <ignored/>
  </testcase> <!-- @BeforeSuite startReport -->
  <testcase name="@BeforeSuite startReport" time="0.0" classname="com.framework.utils.Reporter">
    <ignored/>
  </testcase> <!-- @BeforeSuite startReport -->
  <testcase name="@AfterSuite endResult" time="0.0" classname="com.framework.utils.Reporter">
    <ignored/>
  </testcase> <!-- @AfterSuite endResult -->
  <testcase name="@AfterSuite endResult" time="0.0" classname="com.framework.utils.Reporter">
    <ignored/>
  </testcase> <!-- @AfterSuite endResult -->
  <testcase name="@AfterSuite endResult" time="0.0" classname="com.framework.utils.Reporter">
    <ignored/>
  </testcase> <!-- @AfterSuite endResult -->
  <testcase name="@AfterSuite endResult" time="0.0" classname="com.framework.utils.Reporter">
    <ignored/>
  </testcase> <!-- @AfterSuite endResult -->
  <testcase name="@AfterSuite endResult" time="0.0" classname="com.framework.utils.Reporter">
    <ignored/>
  </testcase> <!-- @AfterSuite endResult -->
</testsuite> <!-- Test -->
